<?xml version="1.0" encoding="UTF-8"?>
<testng-results ignored="0" total="2" passed="2" failed="0" skipped="0">
  <reporter-output>
  </reporter-output>
  <suite started-at="2021-08-31T16:03:28 IST" name="Default suite" finished-at="2021-08-31T16:03:55 IST" duration-ms="27519">
    <groups>
      <group name="cucumber">
        <method signature="AbstractTestNGCucumberTests.runScenario(io.cucumber.testng.PickleWrapper,io.cucumber.testng.FeatureWrapper)[pri:0, instance:com.runner.TestNGRunnerTest@dbf57b3]" name="runScenario" class="io.cucumber.testng.AbstractTestNGCucumberTests"/>
      </group> <!-- cucumber -->
    </groups>
    <test started-at="2021-08-31T16:03:28 IST" name="Default test" finished-at="2021-08-31T16:03:55 IST" duration-ms="27519">
      <class name="com.runner.TestNGRunnerTest">
        <test-method is-config="true" signature="setUpClass()[pri:0, instance:com.runner.TestNGRunnerTest@dbf57b3]" started-at="2021-08-31T16:03:28 IST" name="setUpClass" finished-at="2021-08-31T16:03:29 IST" duration-ms="1033" status="PASS">
          <reporter-output>
          </reporter-output>
        </test-method> <!-- setUpClass -->
        <test-method signature="runScenario(io.cucumber.testng.PickleWrapper,io.cucumber.testng.FeatureWrapper)[pri:0, instance:com.runner.TestNGRunnerTest@dbf57b3]" started-at="2021-08-31T16:03:29 IST" name="runScenario" description="Runs Cucumber Scenarios" data-provider="scenarios" finished-at="2021-08-31T16:03:43 IST" duration-ms="14213" status="PASS">
          <params>
            <param index="0">
              <value>
                <![CDATA["Verify Dropdown Workings"]]>
              </value>
            </param>
            <param index="1">
              <value>
                <![CDATA["Optional[Verify Selnium easy Home page topup is clickable]"]]>
              </value>
            </param>
          </params>
          <reporter-output>
          </reporter-output>
        </test-method> <!-- runScenario -->
        <test-method signature="runScenario(io.cucumber.testng.PickleWrapper,io.cucumber.testng.FeatureWrapper)[pri:0, instance:com.runner.TestNGRunnerTest@dbf57b3]" started-at="2021-08-31T16:03:43 IST" name="runScenario" description="Runs Cucumber Scenarios" data-provider="scenarios" finished-at="2021-08-31T16:03:55 IST" duration-ms="11914" status="PASS">
          <params>
            <param index="0">
              <value>
                <![CDATA["Verify Table filter functionality"]]>
              </value>
            </param>
            <param index="1">
              <value>
                <![CDATA["Optional[Verify Selnium easy Home page topup is clickable]"]]>
              </value>
            </param>
          </params>
          <reporter-output>
          </reporter-output>
        </test-method> <!-- runScenario -->
        <test-method is-config="true" signature="tearDownClass()[pri:0, instance:com.runner.TestNGRunnerTest@dbf57b3]" started-at="2021-08-31T16:03:55 IST" name="tearDownClass" finished-at="2021-08-31T16:03:55 IST" duration-ms="290" status="PASS">
          <reporter-output>
          </reporter-output>
        </test-method> <!-- tearDownClass -->
      </class> <!-- com.runner.TestNGRunnerTest -->
    </test> <!-- Default test -->
  </suite> <!-- Default suite -->
</testng-results>
