<?xml version="1.0" encoding="UTF-8"?>
<testng-results ignored="0" total="8" passed="8" failed="0" skipped="0">
  <reporter-output>
  </reporter-output>
  <suite started-at="2021-08-30T19:37:20 IST" name="Default suite" finished-at="2021-08-30T19:39:12 IST" duration-ms="112382">
    <groups>
      <group name="cucumber">
        <method signature="AbstractTestNGCucumberTests.runScenario(io.cucumber.testng.PickleWrapper,io.cucumber.testng.FeatureWrapper)[pri:0, instance:com.runner.TestNGRunnerTest@dbf57b3]" name="runScenario" class="io.cucumber.testng.AbstractTestNGCucumberTests"/>
      </group> <!-- cucumber -->
    </groups>
    <test started-at="2021-08-30T19:37:20 IST" name="Default test" finished-at="2021-08-30T19:39:12 IST" duration-ms="112382">
      <class name="com.runner.TestNGRunnerTest">
        <test-method is-config="true" signature="setUpClass()[pri:0, instance:com.runner.TestNGRunnerTest@dbf57b3]" started-at="2021-08-30T19:37:20 IST" name="setUpClass" finished-at="2021-08-30T19:37:21 IST" duration-ms="1148" status="PASS">
          <reporter-output>
          </reporter-output>
        </test-method> <!-- setUpClass -->
        <test-method signature="runScenario(io.cucumber.testng.PickleWrapper,io.cucumber.testng.FeatureWrapper)[pri:0, instance:com.runner.TestNGRunnerTest@dbf57b3]" started-at="2021-08-30T19:37:21 IST" name="runScenario" description="Runs Cucumber Scenarios" data-provider="scenarios" finished-at="2021-08-30T19:37:33 IST" duration-ms="12688" status="PASS">
          <params>
            <param index="0">
              <value>
                <![CDATA["Go to Selenium Easy website"]]>
              </value>
            </param>
            <param index="1">
              <value>
                <![CDATA["Optional[Feature ID 001 : Go to Selenium Easy website]"]]>
              </value>
            </param>
          </params>
          <reporter-output>
          </reporter-output>
        </test-method> <!-- runScenario -->
        <test-method signature="runScenario(io.cucumber.testng.PickleWrapper,io.cucumber.testng.FeatureWrapper)[pri:0, instance:com.runner.TestNGRunnerTest@dbf57b3]" started-at="2021-08-30T19:37:33 IST" name="runScenario" description="Runs Cucumber Scenarios" data-provider="scenarios" finished-at="2021-08-30T19:37:46 IST" duration-ms="12111" status="PASS">
          <params>
            <param index="0">
              <value>
                <![CDATA["Go to Selenium Easy website"]]>
              </value>
            </param>
            <param index="1">
              <value>
                <![CDATA["Optional[Feature ID 001 : Go to Selenium Easy website]"]]>
              </value>
            </param>
          </params>
          <reporter-output>
          </reporter-output>
        </test-method> <!-- runScenario -->
        <test-method signature="runScenario(io.cucumber.testng.PickleWrapper,io.cucumber.testng.FeatureWrapper)[pri:0, instance:com.runner.TestNGRunnerTest@dbf57b3]" started-at="2021-08-30T19:37:46 IST" name="runScenario" description="Runs Cucumber Scenarios" data-provider="scenarios" finished-at="2021-08-30T19:38:00 IST" duration-ms="14604" status="PASS">
          <params>
            <param index="0">
              <value>
                <![CDATA["Go to Selenium Easy website"]]>
              </value>
            </param>
            <param index="1">
              <value>
                <![CDATA["Optional[Feature ID 001 : Go to Selenium Easy website]"]]>
              </value>
            </param>
          </params>
          <reporter-output>
          </reporter-output>
        </test-method> <!-- runScenario -->
        <test-method signature="runScenario(io.cucumber.testng.PickleWrapper,io.cucumber.testng.FeatureWrapper)[pri:0, instance:com.runner.TestNGRunnerTest@dbf57b3]" started-at="2021-08-30T19:38:00 IST" name="runScenario" description="Runs Cucumber Scenarios" data-provider="scenarios" finished-at="2021-08-30T19:38:13 IST" duration-ms="12355" status="PASS">
          <params>
            <param index="0">
              <value>
                <![CDATA["Go to Selenium Easy website"]]>
              </value>
            </param>
            <param index="1">
              <value>
                <![CDATA["Optional[Feature ID 001 : Go to Selenium Easy website]"]]>
              </value>
            </param>
          </params>
          <reporter-output>
          </reporter-output>
        </test-method> <!-- runScenario -->
        <test-method signature="runScenario(io.cucumber.testng.PickleWrapper,io.cucumber.testng.FeatureWrapper)[pri:0, instance:com.runner.TestNGRunnerTest@dbf57b3]" started-at="2021-08-30T19:38:13 IST" name="runScenario" description="Runs Cucumber Scenarios" data-provider="scenarios" finished-at="2021-08-30T19:38:25 IST" duration-ms="11937" status="PASS">
          <params>
            <param index="0">
              <value>
                <![CDATA["Go to Selenium Easy website"]]>
              </value>
            </param>
            <param index="1">
              <value>
                <![CDATA["Optional[Feature ID 001 : Go to Selenium Easy website]"]]>
              </value>
            </param>
          </params>
          <reporter-output>
          </reporter-output>
        </test-method> <!-- runScenario -->
        <test-method signature="runScenario(io.cucumber.testng.PickleWrapper,io.cucumber.testng.FeatureWrapper)[pri:0, instance:com.runner.TestNGRunnerTest@dbf57b3]" started-at="2021-08-30T19:38:25 IST" name="runScenario" description="Runs Cucumber Scenarios" data-provider="scenarios" finished-at="2021-08-30T19:38:46 IST" duration-ms="21954" status="PASS">
          <params>
            <param index="0">
              <value>
                <![CDATA["Open BootStrap alert"]]>
              </value>
            </param>
            <param index="1">
              <value>
                <![CDATA["Optional[Feature ID 002 : Go to BootStrap Dropdown page and verify functionality]"]]>
              </value>
            </param>
          </params>
          <reporter-output>
          </reporter-output>
        </test-method> <!-- runScenario -->
        <test-method signature="runScenario(io.cucumber.testng.PickleWrapper,io.cucumber.testng.FeatureWrapper)[pri:0, instance:com.runner.TestNGRunnerTest@dbf57b3]" started-at="2021-08-30T19:38:46 IST" name="runScenario" description="Runs Cucumber Scenarios" data-provider="scenarios" finished-at="2021-08-30T19:38:59 IST" duration-ms="12892" status="PASS">
          <params>
            <param index="0">
              <value>
                <![CDATA["Go to check box module and select Single and multiple check boxes"]]>
              </value>
            </param>
            <param index="1">
              <value>
                <![CDATA["Optional[Feature ID 003 : verify check box functionality on Selenium Easy website]"]]>
              </value>
            </param>
          </params>
          <reporter-output>
          </reporter-output>
        </test-method> <!-- runScenario -->
        <test-method signature="runScenario(io.cucumber.testng.PickleWrapper,io.cucumber.testng.FeatureWrapper)[pri:0, instance:com.runner.TestNGRunnerTest@dbf57b3]" started-at="2021-08-30T19:38:59 IST" name="runScenario" description="Runs Cucumber Scenarios" data-provider="scenarios" finished-at="2021-08-30T19:39:12 IST" duration-ms="12240" status="PASS">
          <params>
            <param index="0">
              <value>
                <![CDATA["Go to Radio button Demo page and verify"]]>
              </value>
            </param>
            <param index="1">
              <value>
                <![CDATA["Optional[Feature ID 004 : verify RadioButton functionality on Selenium Easy website]"]]>
              </value>
            </param>
          </params>
          <reporter-output>
          </reporter-output>
        </test-method> <!-- runScenario -->
        <test-method is-config="true" signature="tearDownClass()[pri:0, instance:com.runner.TestNGRunnerTest@dbf57b3]" started-at="2021-08-30T19:39:12 IST" name="tearDownClass" finished-at="2021-08-30T19:39:12 IST" duration-ms="363" status="PASS">
          <reporter-output>
          </reporter-output>
        </test-method> <!-- tearDownClass -->
      </class> <!-- com.runner.TestNGRunnerTest -->
    </test> <!-- Default test -->
  </suite> <!-- Default suite -->
</testng-results>
